{
  "stats": {
    "suites": 1,
    "tests": 2,
    "passes": 2,
    "pending": 0,
    "failures": 0,
    "start": "2025-03-21T15:40:14.984Z",
    "end": "2025-03-21T15:43:00.832Z",
    "duration": 165848,
    "testsRegistered": 2,
    "passPercent": 100,
    "pendingPercent": 0,
    "other": 0,
    "hasOther": false,
    "skipped": 0,
    "hasSkipped": false
  },
  "results": [
    {
      "uuid": "c05d700f-77b0-4cd3-af90-132b4f839203",
      "title": "",
      "fullFile": "cypress\\e2e\\features\\scenariesTest.cy.js",
      "file": "cypress\\e2e\\features\\scenariesTest.cy.js",
      "beforeHooks": [],
      "afterHooks": [],
      "tests": [],
      "suites": [
        {
          "uuid": "7171f7ef-60f7-4fe2-8124-6baa06ec2fdc",
          "title": "Acceso a página y diligenciamiento de Formulario",
          "fullFile": "",
          "file": "",
          "beforeHooks": [],
          "afterHooks": [],
          "tests": [
            {
              "title": "Diligenciar y validar todos los campos del formulario",
              "fullTitle": "Acceso a página y diligenciamiento de Formulario Diligenciar y validar todos los campos del formulario",
              "timedOut": null,
              "duration": 154489,
              "state": "passed",
              "speed": "slow",
              "pass": true,
              "fail": false,
              "pending": false,
              "context": null,
              "code": "const userData = {\n  celular: '3123760189',\n  correo: 'juanperez@gmail.com',\n  identificacion: '120336547',\n  nombre: 'Jhon',\n  nombres: 'Jacobo',\n  apellidos: 'Rios',\n  codigoPostal: '110741',\n  mesNacimiento: 'Mayo',\n  diaNacimiento: '16',\n  edad: '35-44',\n  fechaNacimiento: '19',\n  pais: 'Colombia',\n  tipoSangre: 'B+',\n  genero: 'Masculino'\n};\ncontactForm.fillFirstForm(userData);\ncontactForm.submitFirstForm();",
              "err": {},
              "uuid": "259df5be-bb44-405a-9f0a-eb6dab317e7e",
              "parentUUID": "7171f7ef-60f7-4fe2-8124-6baa06ec2fdc",
              "isHook": false,
              "skipped": false
            },
            {
              "title": "Verificar si el botón Continuar redirige correctamente",
              "fullTitle": "Acceso a página y diligenciamiento de Formulario Verificar si el botón Continuar redirige correctamente",
              "timedOut": null,
              "duration": 7089,
              "state": "passed",
              "speed": "medium",
              "pass": true,
              "fail": false,
              "pending": false,
              "context": null,
              "code": "_PortalPage.default.verificarCambioDeURL(); // Valida la redirección\n_SurveyForm.default.fillSurveyForm(ocupacion);\n_SurveyForm.default.submitSurveyForm();",
              "err": {},
              "uuid": "55864f02-7f0a-4e63-9287-9da81ced8d10",
              "parentUUID": "7171f7ef-60f7-4fe2-8124-6baa06ec2fdc",
              "isHook": false,
              "skipped": false
            }
          ],
          "suites": [],
          "passes": [
            "259df5be-bb44-405a-9f0a-eb6dab317e7e",
            "55864f02-7f0a-4e63-9287-9da81ced8d10"
          ],
          "failures": [],
          "pending": [],
          "skipped": [],
          "duration": 161578,
          "root": false,
          "rootEmpty": false,
          "_timeout": 2000
        }
      ],
      "passes": [],
      "failures": [],
      "pending": [],
      "skipped": [],
      "duration": 0,
      "root": true,
      "rootEmpty": true,
      "_timeout": 2000
    }
  ],
  "meta": {
    "mocha": {
      "version": "7.0.1"
    },
    "mochawesome": {
      "options": {
        "quiet": false,
        "reportFilename": "mochawesome",
        "saveHtml": true,
        "saveJson": true,
        "consoleReporter": "spec",
        "useInlineDiffs": false,
        "code": true
      },
      "version": "7.1.3"
    },
    "marge": {
      "options": {
        "reportDir": "cypress/reports",
        "overwrite": false,
        "html": true,
        "json": true,
        "timestamp": "mmddyyyy_HHMMss"
      },
      "version": "6.2.0"
    }
  }
}