{
  "stats": {
    "suites": 1,
    "tests": 2,
    "passes": 2,
    "pending": 0,
    "failures": 0,
    "start": "2025-03-21T05:11:30.033Z",
    "end": "2025-03-21T05:11:49.642Z",
    "duration": 19609,
    "testsRegistered": 2,
    "passPercent": 100,
    "pendingPercent": 0,
    "other": 0,
    "hasOther": false,
    "skipped": 0,
    "hasSkipped": false
  },
  "results": [
    {
      "uuid": "edb3640f-a4bf-42cc-8ae3-d692c59ec42b",
      "title": "",
      "fullFile": "cypress\\e2e\\features\\scenariesTest.cy.js",
      "file": "cypress\\e2e\\features\\scenariesTest.cy.js",
      "beforeHooks": [],
      "afterHooks": [],
      "tests": [],
      "suites": [
        {
          "uuid": "b30af348-514c-4ccd-8dac-d39db1f9a7da",
          "title": "Acceso a página y diligenciamiento de Formulario",
          "fullFile": "",
          "file": "",
          "beforeHooks": [],
          "afterHooks": [],
          "tests": [
            {
              "title": "Diligenciar y validar todos los campos del formulario",
              "fullTitle": "Acceso a página y diligenciamiento de Formulario Diligenciar y validar todos los campos del formulario",
              "timedOut": null,
              "duration": 9987,
              "state": "passed",
              "speed": "medium",
              "pass": true,
              "fail": false,
              "pending": false,
              "context": null,
              "code": "const userData = {\n  celular: '3123760189',\n  correo: 'juanperez@gmail.com',\n  identificacion: '120336547',\n  nombre: 'Jhon',\n  nombres: 'Jacobo',\n  apellidos: 'Rios',\n  codigoPostal: '110741',\n  mesNacimiento: 'Mayo',\n  diaNacimiento: '16',\n  edad: '35-44',\n  fechaNacimiento: '19',\n  pais: 'Colombia',\n  tipoSangre: 'B+',\n  genero: 'Masculino'\n};\ncontactForm.fillFirstForm(userData);\ncontactForm.submitFirstForm();",
              "err": {},
              "uuid": "b134873f-a2b2-4f49-8a8f-f99f42721e3f",
              "parentUUID": "b30af348-514c-4ccd-8dac-d39db1f9a7da",
              "isHook": false,
              "skipped": false
            },
            {
              "title": "Verificar si el botón Continuar redirige correctamente",
              "fullTitle": "Acceso a página y diligenciamiento de Formulario Verificar si el botón Continuar redirige correctamente",
              "timedOut": null,
              "duration": 5447,
              "state": "passed",
              "speed": "medium",
              "pass": true,
              "fail": false,
              "pending": false,
              "context": null,
              "code": "_PortalPage.default.verificarCambioDeURL(); // Valida la redirección\n_SurveyForm.default.fillSurveyForm(ocupacion);\n_SurveyForm.default.submitSurveyForm();",
              "err": {},
              "uuid": "72e29109-3739-4135-9b5a-7a5167f77600",
              "parentUUID": "b30af348-514c-4ccd-8dac-d39db1f9a7da",
              "isHook": false,
              "skipped": false
            }
          ],
          "suites": [],
          "passes": [
            "b134873f-a2b2-4f49-8a8f-f99f42721e3f",
            "72e29109-3739-4135-9b5a-7a5167f77600"
          ],
          "failures": [],
          "pending": [],
          "skipped": [],
          "duration": 15434,
          "root": false,
          "rootEmpty": false,
          "_timeout": 2000
        }
      ],
      "passes": [],
      "failures": [],
      "pending": [],
      "skipped": [],
      "duration": 0,
      "root": true,
      "rootEmpty": true,
      "_timeout": 2000
    }
  ],
  "meta": {
    "mocha": {
      "version": "7.0.1"
    },
    "mochawesome": {
      "options": {
        "quiet": false,
        "reportFilename": "mochawesome",
        "saveHtml": true,
        "saveJson": true,
        "consoleReporter": "spec",
        "useInlineDiffs": false,
        "code": true
      },
      "version": "7.1.3"
    },
    "marge": {
      "options": {
        "reportDir": "cypress/reports",
        "overwrite": false,
        "html": true,
        "json": true,
        "timestamp": "mmddyyyy_HHMMss"
      },
      "version": "6.2.0"
    }
  }
}