{
  "stats": {
    "suites": 1,
    "tests": 2,
    "passes": 2,
    "pending": 0,
    "failures": 0,
    "start": "2025-03-21T05:00:03.567Z",
    "end": "2025-03-21T05:00:24.160Z",
    "duration": 20593,
    "testsRegistered": 2,
    "passPercent": 100,
    "pendingPercent": 0,
    "other": 0,
    "hasOther": false,
    "skipped": 0,
    "hasSkipped": false
  },
  "results": [
    {
      "uuid": "0a76a4c7-3086-4b12-b40a-0430e85d131b",
      "title": "",
      "fullFile": "cypress\\e2e\\features\\scenariesTest.cy.js",
      "file": "cypress\\e2e\\features\\scenariesTest.cy.js",
      "beforeHooks": [],
      "afterHooks": [],
      "tests": [],
      "suites": [
        {
          "uuid": "f1b4f21a-1b90-45b4-8dda-3a92551f681f",
          "title": "Acceso a página y diligenciamiento de Formulario",
          "fullFile": "",
          "file": "",
          "beforeHooks": [],
          "afterHooks": [],
          "tests": [
            {
              "title": "Diligenciar y validar todos los campos del formulario",
              "fullTitle": "Acceso a página y diligenciamiento de Formulario Diligenciar y validar todos los campos del formulario",
              "timedOut": null,
              "duration": 10493,
              "state": "passed",
              "speed": "slow",
              "pass": true,
              "fail": false,
              "pending": false,
              "context": null,
              "code": "const userData = {\n  celular: '3123760189',\n  correo: 'juanperez@gmail.com',\n  identificacion: '120336547',\n  nombre: 'Jhon',\n  nombres: 'Jacobo',\n  apellidos: 'Rios',\n  codigoPostal: '110741',\n  mesNacimiento: 'Mayo',\n  diaNacimiento: '16',\n  edad: '35-44',\n  fechaNacimiento: '19',\n  pais: 'Colombia',\n  tipoSangre: 'B+',\n  genero: 'Masculino'\n};\ncontactForm.fillFirstForm(userData);\ncontactForm.submitFirstForm();",
              "err": {},
              "uuid": "090a31e1-8190-4c4b-9f1e-ad6c68807a0f",
              "parentUUID": "f1b4f21a-1b90-45b4-8dda-3a92551f681f",
              "isHook": false,
              "skipped": false
            },
            {
              "title": "Verificar si el botón Continuar redirige correctamente",
              "fullTitle": "Acceso a página y diligenciamiento de Formulario Verificar si el botón Continuar redirige correctamente",
              "timedOut": null,
              "duration": 5423,
              "state": "passed",
              "speed": "medium",
              "pass": true,
              "fail": false,
              "pending": false,
              "context": null,
              "code": "_PortalPage.default.verificarCambioDeURL(); // Valida la redirección\n_SurveyForm.default.fillSurveyForm(ocupacion);\n_SurveyForm.default.submitSurveyForm();",
              "err": {},
              "uuid": "b1ffac76-f3f3-405c-b1cf-f7ea347ae349",
              "parentUUID": "f1b4f21a-1b90-45b4-8dda-3a92551f681f",
              "isHook": false,
              "skipped": false
            }
          ],
          "suites": [],
          "passes": [
            "090a31e1-8190-4c4b-9f1e-ad6c68807a0f",
            "b1ffac76-f3f3-405c-b1cf-f7ea347ae349"
          ],
          "failures": [],
          "pending": [],
          "skipped": [],
          "duration": 15916,
          "root": false,
          "rootEmpty": false,
          "_timeout": 2000
        }
      ],
      "passes": [],
      "failures": [],
      "pending": [],
      "skipped": [],
      "duration": 0,
      "root": true,
      "rootEmpty": true,
      "_timeout": 2000
    }
  ],
  "meta": {
    "mocha": {
      "version": "7.0.1"
    },
    "mochawesome": {
      "options": {
        "quiet": false,
        "reportFilename": "mochawesome",
        "saveHtml": true,
        "saveJson": true,
        "consoleReporter": "spec",
        "useInlineDiffs": false,
        "code": true
      },
      "version": "7.1.3"
    },
    "marge": {
      "options": {
        "reportDir": "cypress/reports",
        "overwrite": false,
        "html": true,
        "json": true,
        "timestamp": "mmddyyyy_HHMMss"
      },
      "version": "6.2.0"
    }
  }
}